0 info it worked if it ends with ok
1 verbose cli [ 'C:\\Program Files (x86)\\Nodist\\v-x64\\11.10.1\\node.exe',
1 verbose cli   'C:\\Program Files (x86)\\Nodist\\npmv\\4.0.5\\bin\\npm-cli.js',
1 verbose cli   'run',
1 verbose cli   'dev' ]
2 info using npm@4.0.5
3 info using node@v11.10.1
4 verbose run-script [ 'predev', 'dev', 'postdev' ]
5 info lifecycle prj-ms@0.1.0~predev: prj-ms@0.1.0
6 warn lifecycle The node binary used for scripts is C:\Program Files (x86)\Nodist\bin\node.exe but npm is using C:\Program Files (x86)\Nodist\v-x64\11.10.1\node.exe itself. Use the `--scripts-prepend-node-path` option to include the path for the node binary npm was executed with.
7 silly lifecycle prj-ms@0.1.0~predev: no script for predev, continuing
8 info lifecycle prj-ms@0.1.0~dev: prj-ms@0.1.0
9 verbose lifecycle prj-ms@0.1.0~dev: unsafe-perm in lifecycle true
10 verbose lifecycle prj-ms@0.1.0~dev: PATH: C:\Program Files (x86)\Nodist\npmv\4.0.5\bin\node-gyp-bin;C:\Users\macot\work\prj-ms\node_modules\.bin;C:\Users\macot\work\prj-ms\node_modules\.bin;C:\ProgramData\Oracle\Java\javapath;C:\Program Files (x86)\Common Files\Intel\Shared Libraries\redist\intel64\compiler;C:\Program Files (x86)\Intel\iCLS Client\;C:\Program Files\Intel\iCLS Client\;C:\WINDOWS\system32;C:\WINDOWS;C:\WINDOWS\System32\Wbem;C:\WINDOWS\System32\WindowsPowerShell\v1.0\;C:\Program Files (x86)\Intel\Intel(R) Management Engine Components\DAL;C:\Program Files\Intel\Intel(R) Management Engine Components\DAL;C:\Program Files (x86)\Intel\Intel(R) Management Engine Components\IPT;C:\Program Files\Intel\Intel(R) Management Engine Components\IPT;C:\Program Files (x86)\Nodist\bin;C:\Program Files\TortoiseSVN\bin;C:\Program Files\Git\cmd;C:\WINDOWS\System32\OpenSSH\;C:\Program Files (x86)\Yarn\bin\;C:\Program Files (x86)\Windows Kits\8.1\Windows Performance Toolkit\;C:\Program Files\Intel\WiFi\bin\;C:\Program Files\Common Files\Intel\WirelessCommon\;C:\Ruby25-x64\bin;C:\Users\macot\AppData\Local\Microsoft\WindowsApps;C:\Users\macot\AppData\Local\Programs\Fiddler;C:\Users\macot\AppData\Local\Microsoft\WindowsApps;C:\Users\macot\AppData\Local\Yarn\bin;C:\Users\macot\.windows-build-tools\python27\;C:\Users\macot\.windows-build-tools\python27\Scripts\;
11 verbose lifecycle prj-ms@0.1.0~dev: CWD: C:\Users\macot\work\prj-ms
12 silly lifecycle prj-ms@0.1.0~dev: Args: [ '/d /s /c', 'vue-cli-service serve' ]
13 silly lifecycle prj-ms@0.1.0~dev: Returned: code: 3221225786  signal: null
14 info lifecycle prj-ms@0.1.0~dev: Failed to exec dev script
15 verbose stack Error: prj-ms@0.1.0 dev: `vue-cli-service serve`
15 verbose stack Exit status 3221225786
15 verbose stack     at EventEmitter.<anonymous> (C:\Program Files (x86)\Nodist\npmv\4.0.5\lib\utils\lifecycle.js:279:16)
15 verbose stack     at EventEmitter.emit (events.js:197:13)
15 verbose stack     at ChildProcess.<anonymous> (C:\Program Files (x86)\Nodist\npmv\4.0.5\lib\utils\spawn.js:40:14)
15 verbose stack     at ChildProcess.emit (events.js:197:13)
15 verbose stack     at maybeClose (internal/child_process.js:984:16)
15 verbose stack     at Process.ChildProcess._handle.onexit (internal/child_process.js:265:5)
16 verbose pkgid prj-ms@0.1.0
17 verbose cwd C:\Users\macot\work\prj-ms
18 error Windows_NT 10.0.17763
19 error argv "C:\\Program Files (x86)\\Nodist\\v-x64\\11.10.1\\node.exe" "C:\\Program Files (x86)\\Nodist\\npmv\\4.0.5\\bin\\npm-cli.js" "run" "dev"
20 error node v11.10.1
21 error npm  v4.0.5
22 error code ELIFECYCLE
23 error prj-ms@0.1.0 dev: `vue-cli-service serve`
23 error Exit status 3221225786
24 error Failed at the prj-ms@0.1.0 dev script 'vue-cli-service serve'.
24 error Make sure you have the latest version of node.js and npm installed.
24 error If you do, this is most likely a problem with the prj-ms package,
24 error not with npm itself.
24 error Tell the author that this fails on your system:
24 error     vue-cli-service serve
24 error You can get information on how to open an issue for this project with:
24 error     npm bugs prj-ms
24 error Or if that isn't available, you can get their info via:
24 error     npm owner ls prj-ms
24 error There is likely additional logging output above.
25 verbose exit [ 1, true ]
